<?xml version="1.0" encoding="UTF-8"?>
<testsuite xmlns:xsi="http://www.w3.org/2001/XMLSchema-instance" xsi:noNamespaceSchemaLocation="https://maven.apache.org/surefire/maven-surefire-plugin/xsd/surefire-test-report-3.0.xsd" version="3.0" name="com.bugbank.runners.TestsLoginCucumber" time="17.89" tests="10" errors="0" skipped="0" failures="0">
  <properties>
    <property name="java.specification.version" value="17"/>
    <property name="sun.cpu.isalist" value="amd64"/>
    <property name="sun.jnu.encoding" value="Cp1252"/>
    <property name="java.class.path" value="C:\Users\LAB\Desktop\Dia a Dia\Projetos\DesafioBugBank\Automacao\target\test-classes;C:\Users\LAB\Desktop\Dia a Dia\Projetos\DesafioBugBank\Automacao\target\classes;C:\Users\LAB\.m2\repository\io\cucumber\cucumber-java\7.18.0\cucumber-java-7.18.0.jar;C:\Users\LAB\.m2\repository\io\cucumber\cucumber-core\7.18.0\cucumber-core-7.18.0.jar;C:\Users\LAB\.m2\repository\io\cucumber\cucumber-gherkin\7.18.0\cucumber-gherkin-7.18.0.jar;C:\Users\LAB\.m2\repository\io\cucumber\cucumber-gherkin-messages\7.18.0\cucumber-gherkin-messages-7.18.0.jar;C:\Users\LAB\.m2\repository\io\cucumber\gherkin\28.0.0\gherkin-28.0.0.jar;C:\Users\LAB\.m2\repository\io\cucumber\messages\24.1.0\messages-24.1.0.jar;C:\Users\LAB\.m2\repository\io\cucumber\testng-xml-formatter\0.1.0\testng-xml-formatter-0.1.0.jar;C:\Users\LAB\.m2\repository\io\cucumber\query\12.2.0\query-12.2.0.jar;C:\Users\LAB\.m2\repository\io\cucumber\tag-expressions\6.1.0\tag-expressions-6.1.0.jar;C:\Users\LAB\.m2\repository\io\cucumber\cucumber-expressions\17.1.0\cucumber-expressions-17.1.0.jar;C:\Users\LAB\.m2\repository\io\cucumber\datatable\7.18.0\datatable-7.18.0.jar;C:\Users\LAB\.m2\repository\io\cucumber\cucumber-plugin\7.18.0\cucumber-plugin-7.18.0.jar;C:\Users\LAB\.m2\repository\io\cucumber\docstring\7.18.0\docstring-7.18.0.jar;C:\Users\LAB\.m2\repository\io\cucumber\html-formatter\21.3.1\html-formatter-21.3.1.jar;C:\Users\LAB\.m2\repository\io\cucumber\junit-xml-formatter\0.4.0\junit-xml-formatter-0.4.0.jar;C:\Users\LAB\.m2\repository\io\cucumber\ci-environment\10.0.1\ci-environment-10.0.1.jar;C:\Users\LAB\.m2\repository\org\apiguardian\apiguardian-api\1.1.2\apiguardian-api-1.1.2.jar;C:\Users\LAB\.m2\repository\io\cucumber\cucumber-junit\7.18.0\cucumber-junit-7.18.0.jar;C:\Users\LAB\.m2\repository\junit\junit\4.12\junit-4.12.jar;C:\Users\LAB\.m2\repository\org\hamcrest\hamcrest-core\1.3\hamcrest-core-1.3.jar;C:\Users\LAB\.m2\repository\org\seleniumhq\selenium\selenium-java\4.22.0\selenium-java-4.22.0.jar;C:\Users\LAB\.m2\repository\org\seleniumhq\selenium\selenium-api\4.22.0\selenium-api-4.22.0.jar;C:\Users\LAB\.m2\repository\org\seleniumhq\selenium\selenium-chrome-driver\4.22.0\selenium-chrome-driver-4.22.0.jar;C:\Users\LAB\.m2\repository\com\google\auto\service\auto-service-annotations\1.1.1\auto-service-annotations-1.1.1.jar;C:\Users\LAB\.m2\repository\org\seleniumhq\selenium\selenium-chromium-driver\4.22.0\selenium-chromium-driver-4.22.0.jar;C:\Users\LAB\.m2\repository\org\seleniumhq\selenium\selenium-json\4.22.0\selenium-json-4.22.0.jar;C:\Users\LAB\.m2\repository\org\seleniumhq\selenium\selenium-manager\4.22.0\selenium-manager-4.22.0.jar;C:\Users\LAB\.m2\repository\org\seleniumhq\selenium\selenium-devtools-v124\4.22.0\selenium-devtools-v124-4.22.0.jar;C:\Users\LAB\.m2\repository\org\seleniumhq\selenium\selenium-devtools-v125\4.22.0\selenium-devtools-v125-4.22.0.jar;C:\Users\LAB\.m2\repository\org\seleniumhq\selenium\selenium-devtools-v126\4.22.0\selenium-devtools-v126-4.22.0.jar;C:\Users\LAB\.m2\repository\org\seleniumhq\selenium\selenium-devtools-v85\4.22.0\selenium-devtools-v85-4.22.0.jar;C:\Users\LAB\.m2\repository\org\seleniumhq\selenium\selenium-edge-driver\4.22.0\selenium-edge-driver-4.22.0.jar;C:\Users\LAB\.m2\repository\org\seleniumhq\selenium\selenium-firefox-driver\4.22.0\selenium-firefox-driver-4.22.0.jar;C:\Users\LAB\.m2\repository\org\seleniumhq\selenium\selenium-http\4.22.0\selenium-http-4.22.0.jar;C:\Users\LAB\.m2\repository\dev\failsafe\failsafe\3.3.2\failsafe-3.3.2.jar;C:\Users\LAB\.m2\repository\org\seleniumhq\selenium\selenium-ie-driver\4.22.0\selenium-ie-driver-4.22.0.jar;C:\Users\LAB\.m2\repository\org\seleniumhq\selenium\selenium-remote-driver\4.22.0\selenium-remote-driver-4.22.0.jar;C:\Users\LAB\.m2\repository\com\google\guava\guava\33.2.1-jre\guava-33.2.1-jre.jar;C:\Users\LAB\.m2\repository\com\google\guava\failureaccess\1.0.2\failureaccess-1.0.2.jar;C:\Users\LAB\.m2\repository\com\google\guava\listenablefuture\9999.0-empty-to-avoid-conflict-with-guava\listenablefuture-9999.0-empty-to-avoid-conflict-with-guava.jar;C:\Users\LAB\.m2\repository\com\google\code\findbugs\jsr305\3.0.2\jsr305-3.0.2.jar;C:\Users\LAB\.m2\repository\org\checkerframework\checker-qual\3.42.0\checker-qual-3.42.0.jar;C:\Users\LAB\.m2\repository\com\google\errorprone\error_prone_annotations\2.26.1\error_prone_annotations-2.26.1.jar;C:\Users\LAB\.m2\repository\com\google\j2objc\j2objc-annotations\3.0.0\j2objc-annotations-3.0.0.jar;C:\Users\LAB\.m2\repository\io\opentelemetry\semconv\opentelemetry-semconv\1.25.0-alpha\opentelemetry-semconv-1.25.0-alpha.jar;C:\Users\LAB\.m2\repository\io\opentelemetry\opentelemetry-api\1.39.0\opentelemetry-api-1.39.0.jar;C:\Users\LAB\.m2\repository\io\opentelemetry\opentelemetry-context\1.39.0\opentelemetry-context-1.39.0.jar;C:\Users\LAB\.m2\repository\io\opentelemetry\opentelemetry-exporter-logging\1.39.0\opentelemetry-exporter-logging-1.39.0.jar;C:\Users\LAB\.m2\repository\io\opentelemetry\opentelemetry-sdk-common\1.39.0\opentelemetry-sdk-common-1.39.0.jar;C:\Users\LAB\.m2\repository\io\opentelemetry\opentelemetry-sdk-extension-autoconfigure-spi\1.39.0\opentelemetry-sdk-extension-autoconfigure-spi-1.39.0.jar;C:\Users\LAB\.m2\repository\io\opentelemetry\opentelemetry-sdk-extension-autoconfigure\1.39.0\opentelemetry-sdk-extension-autoconfigure-1.39.0.jar;C:\Users\LAB\.m2\repository\io\opentelemetry\opentelemetry-api-incubator\1.39.0-alpha\opentelemetry-api-incubator-1.39.0-alpha.jar;C:\Users\LAB\.m2\repository\io\opentelemetry\opentelemetry-sdk-trace\1.39.0\opentelemetry-sdk-trace-1.39.0.jar;C:\Users\LAB\.m2\repository\io\opentelemetry\opentelemetry-sdk\1.39.0\opentelemetry-sdk-1.39.0.jar;C:\Users\LAB\.m2\repository\io\opentelemetry\opentelemetry-sdk-metrics\1.39.0\opentelemetry-sdk-metrics-1.39.0.jar;C:\Users\LAB\.m2\repository\io\opentelemetry\opentelemetry-sdk-logs\1.39.0\opentelemetry-sdk-logs-1.39.0.jar;C:\Users\LAB\.m2\repository\net\bytebuddy\byte-buddy\1.14.17\byte-buddy-1.14.17.jar;C:\Users\LAB\.m2\repository\org\seleniumhq\selenium\selenium-os\4.22.0\selenium-os-4.22.0.jar;C:\Users\LAB\.m2\repository\org\apache\commons\commons-exec\1.4.0\commons-exec-1.4.0.jar;C:\Users\LAB\.m2\repository\org\seleniumhq\selenium\selenium-safari-driver\4.22.0\selenium-safari-driver-4.22.0.jar;C:\Users\LAB\.m2\repository\org\seleniumhq\selenium\selenium-support\4.22.0\selenium-support-4.22.0.jar;"/>
    <property name="java.vm.vendor" value="Oracle Corporation"/>
    <property name="sun.arch.data.model" value="64"/>
    <property name="user.variant" value=""/>
    <property name="java.vendor.url" value="https://java.oracle.com/"/>
    <property name="user.timezone" value="America/Sao_Paulo"/>
    <property name="os.name" value="Windows 11"/>
    <property name="java.vm.specification.version" value="17"/>
    <property name="sun.java.launcher" value="SUN_STANDARD"/>
    <property name="user.country" value="BR"/>
    <property name="sun.boot.library.path" value="C:\Program Files\Java\jdk-17\bin"/>
    <property name="sun.java.command" value="C:\Users\LAB\AppData\Local\Temp\surefire11004538413121794373\surefirebooter-20240725221455423_3.jar C:\Users\LAB\AppData\Local\Temp\surefire11004538413121794373 2024-07-25T22-14-55_274-jvmRun1 surefire-20240725221455423_1tmp surefire_0-20240725221455423_2tmp"/>
    <property name="jdk.debug" value="release"/>
    <property name="surefire.test.class.path" value="C:\Users\LAB\Desktop\Dia a Dia\Projetos\DesafioBugBank\Automacao\target\test-classes;C:\Users\LAB\Desktop\Dia a Dia\Projetos\DesafioBugBank\Automacao\target\classes;C:\Users\LAB\.m2\repository\io\cucumber\cucumber-java\7.18.0\cucumber-java-7.18.0.jar;C:\Users\LAB\.m2\repository\io\cucumber\cucumber-core\7.18.0\cucumber-core-7.18.0.jar;C:\Users\LAB\.m2\repository\io\cucumber\cucumber-gherkin\7.18.0\cucumber-gherkin-7.18.0.jar;C:\Users\LAB\.m2\repository\io\cucumber\cucumber-gherkin-messages\7.18.0\cucumber-gherkin-messages-7.18.0.jar;C:\Users\LAB\.m2\repository\io\cucumber\gherkin\28.0.0\gherkin-28.0.0.jar;C:\Users\LAB\.m2\repository\io\cucumber\messages\24.1.0\messages-24.1.0.jar;C:\Users\LAB\.m2\repository\io\cucumber\testng-xml-formatter\0.1.0\testng-xml-formatter-0.1.0.jar;C:\Users\LAB\.m2\repository\io\cucumber\query\12.2.0\query-12.2.0.jar;C:\Users\LAB\.m2\repository\io\cucumber\tag-expressions\6.1.0\tag-expressions-6.1.0.jar;C:\Users\LAB\.m2\repository\io\cucumber\cucumber-expressions\17.1.0\cucumber-expressions-17.1.0.jar;C:\Users\LAB\.m2\repository\io\cucumber\datatable\7.18.0\datatable-7.18.0.jar;C:\Users\LAB\.m2\repository\io\cucumber\cucumber-plugin\7.18.0\cucumber-plugin-7.18.0.jar;C:\Users\LAB\.m2\repository\io\cucumber\docstring\7.18.0\docstring-7.18.0.jar;C:\Users\LAB\.m2\repository\io\cucumber\html-formatter\21.3.1\html-formatter-21.3.1.jar;C:\Users\LAB\.m2\repository\io\cucumber\junit-xml-formatter\0.4.0\junit-xml-formatter-0.4.0.jar;C:\Users\LAB\.m2\repository\io\cucumber\ci-environment\10.0.1\ci-environment-10.0.1.jar;C:\Users\LAB\.m2\repository\org\apiguardian\apiguardian-api\1.1.2\apiguardian-api-1.1.2.jar;C:\Users\LAB\.m2\repository\io\cucumber\cucumber-junit\7.18.0\cucumber-junit-7.18.0.jar;C:\Users\LAB\.m2\repository\junit\junit\4.12\junit-4.12.jar;C:\Users\LAB\.m2\repository\org\hamcrest\hamcrest-core\1.3\hamcrest-core-1.3.jar;C:\Users\LAB\.m2\repository\org\seleniumhq\selenium\selenium-java\4.22.0\selenium-java-4.22.0.jar;C:\Users\LAB\.m2\repository\org\seleniumhq\selenium\selenium-api\4.22.0\selenium-api-4.22.0.jar;C:\Users\LAB\.m2\repository\org\seleniumhq\selenium\selenium-chrome-driver\4.22.0\selenium-chrome-driver-4.22.0.jar;C:\Users\LAB\.m2\repository\com\google\auto\service\auto-service-annotations\1.1.1\auto-service-annotations-1.1.1.jar;C:\Users\LAB\.m2\repository\org\seleniumhq\selenium\selenium-chromium-driver\4.22.0\selenium-chromium-driver-4.22.0.jar;C:\Users\LAB\.m2\repository\org\seleniumhq\selenium\selenium-json\4.22.0\selenium-json-4.22.0.jar;C:\Users\LAB\.m2\repository\org\seleniumhq\selenium\selenium-manager\4.22.0\selenium-manager-4.22.0.jar;C:\Users\LAB\.m2\repository\org\seleniumhq\selenium\selenium-devtools-v124\4.22.0\selenium-devtools-v124-4.22.0.jar;C:\Users\LAB\.m2\repository\org\seleniumhq\selenium\selenium-devtools-v125\4.22.0\selenium-devtools-v125-4.22.0.jar;C:\Users\LAB\.m2\repository\org\seleniumhq\selenium\selenium-devtools-v126\4.22.0\selenium-devtools-v126-4.22.0.jar;C:\Users\LAB\.m2\repository\org\seleniumhq\selenium\selenium-devtools-v85\4.22.0\selenium-devtools-v85-4.22.0.jar;C:\Users\LAB\.m2\repository\org\seleniumhq\selenium\selenium-edge-driver\4.22.0\selenium-edge-driver-4.22.0.jar;C:\Users\LAB\.m2\repository\org\seleniumhq\selenium\selenium-firefox-driver\4.22.0\selenium-firefox-driver-4.22.0.jar;C:\Users\LAB\.m2\repository\org\seleniumhq\selenium\selenium-http\4.22.0\selenium-http-4.22.0.jar;C:\Users\LAB\.m2\repository\dev\failsafe\failsafe\3.3.2\failsafe-3.3.2.jar;C:\Users\LAB\.m2\repository\org\seleniumhq\selenium\selenium-ie-driver\4.22.0\selenium-ie-driver-4.22.0.jar;C:\Users\LAB\.m2\repository\org\seleniumhq\selenium\selenium-remote-driver\4.22.0\selenium-remote-driver-4.22.0.jar;C:\Users\LAB\.m2\repository\com\google\guava\guava\33.2.1-jre\guava-33.2.1-jre.jar;C:\Users\LAB\.m2\repository\com\google\guava\failureaccess\1.0.2\failureaccess-1.0.2.jar;C:\Users\LAB\.m2\repository\com\google\guava\listenablefuture\9999.0-empty-to-avoid-conflict-with-guava\listenablefuture-9999.0-empty-to-avoid-conflict-with-guava.jar;C:\Users\LAB\.m2\repository\com\google\code\findbugs\jsr305\3.0.2\jsr305-3.0.2.jar;C:\Users\LAB\.m2\repository\org\checkerframework\checker-qual\3.42.0\checker-qual-3.42.0.jar;C:\Users\LAB\.m2\repository\com\google\errorprone\error_prone_annotations\2.26.1\error_prone_annotations-2.26.1.jar;C:\Users\LAB\.m2\repository\com\google\j2objc\j2objc-annotations\3.0.0\j2objc-annotations-3.0.0.jar;C:\Users\LAB\.m2\repository\io\opentelemetry\semconv\opentelemetry-semconv\1.25.0-alpha\opentelemetry-semconv-1.25.0-alpha.jar;C:\Users\LAB\.m2\repository\io\opentelemetry\opentelemetry-api\1.39.0\opentelemetry-api-1.39.0.jar;C:\Users\LAB\.m2\repository\io\opentelemetry\opentelemetry-context\1.39.0\opentelemetry-context-1.39.0.jar;C:\Users\LAB\.m2\repository\io\opentelemetry\opentelemetry-exporter-logging\1.39.0\opentelemetry-exporter-logging-1.39.0.jar;C:\Users\LAB\.m2\repository\io\opentelemetry\opentelemetry-sdk-common\1.39.0\opentelemetry-sdk-common-1.39.0.jar;C:\Users\LAB\.m2\repository\io\opentelemetry\opentelemetry-sdk-extension-autoconfigure-spi\1.39.0\opentelemetry-sdk-extension-autoconfigure-spi-1.39.0.jar;C:\Users\LAB\.m2\repository\io\opentelemetry\opentelemetry-sdk-extension-autoconfigure\1.39.0\opentelemetry-sdk-extension-autoconfigure-1.39.0.jar;C:\Users\LAB\.m2\repository\io\opentelemetry\opentelemetry-api-incubator\1.39.0-alpha\opentelemetry-api-incubator-1.39.0-alpha.jar;C:\Users\LAB\.m2\repository\io\opentelemetry\opentelemetry-sdk-trace\1.39.0\opentelemetry-sdk-trace-1.39.0.jar;C:\Users\LAB\.m2\repository\io\opentelemetry\opentelemetry-sdk\1.39.0\opentelemetry-sdk-1.39.0.jar;C:\Users\LAB\.m2\repository\io\opentelemetry\opentelemetry-sdk-metrics\1.39.0\opentelemetry-sdk-metrics-1.39.0.jar;C:\Users\LAB\.m2\repository\io\opentelemetry\opentelemetry-sdk-logs\1.39.0\opentelemetry-sdk-logs-1.39.0.jar;C:\Users\LAB\.m2\repository\net\bytebuddy\byte-buddy\1.14.17\byte-buddy-1.14.17.jar;C:\Users\LAB\.m2\repository\org\seleniumhq\selenium\selenium-os\4.22.0\selenium-os-4.22.0.jar;C:\Users\LAB\.m2\repository\org\apache\commons\commons-exec\1.4.0\commons-exec-1.4.0.jar;C:\Users\LAB\.m2\repository\org\seleniumhq\selenium\selenium-safari-driver\4.22.0\selenium-safari-driver-4.22.0.jar;C:\Users\LAB\.m2\repository\org\seleniumhq\selenium\selenium-support\4.22.0\selenium-support-4.22.0.jar;"/>
    <property name="sun.cpu.endian" value="little"/>
    <property name="user.home" value="C:\Users\LAB"/>
    <property name="user.language" value="pt"/>
    <property name="java.specification.vendor" value="Oracle Corporation"/>
    <property name="java.version.date" value="2023-01-17"/>
    <property name="java.home" value="C:\Program Files\Java\jdk-17"/>
    <property name="file.separator" value="\"/>
    <property name="basedir" value="C:\Users\LAB\Desktop\Dia a Dia\Projetos\DesafioBugBank\Automacao"/>
    <property name="java.vm.compressedOopsMode" value="Zero based"/>
    <property name="line.separator" value="&#10;"/>
    <property name="java.vm.specification.vendor" value="Oracle Corporation"/>
    <property name="java.specification.name" value="Java Platform API Specification"/>
    <property name="surefire.real.class.path" value="C:\Users\LAB\AppData\Local\Temp\surefire11004538413121794373\surefirebooter-20240725221455423_3.jar"/>
    <property name="user.script" value=""/>
    <property name="sun.management.compiler" value="HotSpot 64-Bit Tiered Compilers"/>
    <property name="java.runtime.version" value="17.0.6+9-LTS-190"/>
    <property name="user.name" value="LAB"/>
    <property name="path.separator" value=";"/>
    <property name="os.version" value="10.0"/>
    <property name="java.runtime.name" value="Java(TM) SE Runtime Environment"/>
    <property name="file.encoding" value="Cp1252"/>
    <property name="java.vm.name" value="Java HotSpot(TM) 64-Bit Server VM"/>
    <property name="localRepository" value="C:\Users\LAB\.m2\repository"/>
    <property name="java.vendor.url.bug" value="https://bugreport.java.com/bugreport/"/>
    <property name="java.io.tmpdir" value="C:\Users\LAB\AppData\Local\Temp\"/>
    <property name="java.version" value="17.0.6"/>
    <property name="user.dir" value="C:\Users\LAB\Desktop\Dia a Dia\Projetos\DesafioBugBank\Automacao"/>
    <property name="os.arch" value="amd64"/>
    <property name="java.vm.specification.name" value="Java Virtual Machine Specification"/>
    <property name="sun.os.patch.level" value=""/>
    <property name="native.encoding" value="Cp1252"/>
    <property name="java.library.path" value="C:\Program Files\Java\jdk-17\bin;C:\WINDOWS\Sun\Java\bin;C:\WINDOWS\system32;C:\WINDOWS;C:\Program Files\Eclipse Adoptium\jre-11.0.23.9-hotspot\bin;C:\Program Files\Common Files\Oracle\Java\javapath;C:\Program Files\Eclipse Adoptium\jre-21.0.1.12-hotspot\bin;C:\WINDOWS\system32;C:\WINDOWS;C:\WINDOWS\System32\Wbem;C:\WINDOWS\System32\WindowsPowerShell\v1.0\;C:\WINDOWS\System32\OpenSSH\;C:\Program Files\dotnet\;C:\Program Files\Java\jdk-17bin;C:\Gradle\gradle-8.4\bin;C:\Program Files\nodejs\;C:\Program Files\Docker\Docker\resources\bin;C:\Maven\apache-maven-3.9.8\bin;C:\Program Files (x86)\Microsoft SQL Server\160\Tools\Binn\;C:\Program Files\Microsoft SQL Server\160\Tools\Binn\;C:\Program Files\Microsoft SQL Server\Client SDK\ODBC\170\Tools\Binn\;C:\Program Files\Microsoft SQL Server\160\DTS\Binn\;C:\Program Files\Git\cmd;C:\Users\LAB\AppData\Local\Programs\Python\Python311\Scripts\;C:\Users\LAB\AppData\Local\Programs\Python\Python311\;C:\Users\LAB\AppData\Local\Microsoft\WindowsApps;C:\Users\LAB\AppData\Local\Programs\Microsoft VS Code\bin;C:\Users\LAB\AppData\Roaming\npm;C:\Maven\apache-maven-3.9.8\bin;;."/>
    <property name="java.vm.info" value="mixed mode, sharing"/>
    <property name="java.vendor" value="Oracle Corporation"/>
    <property name="java.vm.version" value="17.0.6+9-LTS-190"/>
    <property name="sun.io.unicode.encoding" value="UnicodeLittle"/>
    <property name="java.class.version" value="61.0"/>
  </properties>
  <testcase name="Exibir mensagem de erro ao tentar acessar sem preencher com e-mail e senha" classname="Validação dos Campos de Login no BugBank" time="1.882">
    <system-out><![CDATA[
@login
CenÃ¡rio: Exibir mensagem de erro ao tentar acessar sem preencher com e-mail e senha &amp#27;[90m# com/bugbank/features/logincucumber.feature:10&amp#27;[0m
  &amp#27;[32mDado &amp#27;[0m&amp#27;[32mque o usuario esta na tela inicial do BugBank&amp#27;[0m                                &amp#27;[90m# com.bugbank.steps.LoginSteps.que_o_usuario_esta_na_tela_inicial_do_bug_bank()&amp#27;[0m
  &amp#27;[32mE &amp#27;[0m&amp#27;[32mque o usuario nao tenha preenchido o email e a senha&amp#27;[0m                            &amp#27;[90m# com.bugbank.steps.LoginSteps.que_o_usuario_nao_tenha_preenchido_o_email_e_a_senha()&amp#27;[0m
  &amp#27;[32mQuando &amp#27;[0m&amp#27;[32mo usuario ao clicar no botao de acessar&amp#27;[0m                                    &amp#27;[90m# com.bugbank.steps.LoginSteps.o_usuario_ao_clicar_no_botao_de_acessar()&amp#27;[0m
  &amp#27;[32mEntao &amp#27;[0m&amp#27;[32mdevera ser exibida uma mensagem de erro com o texto preencha os campos&amp#27;[0m      &amp#27;[90m# com.bugbank.steps.LoginSteps.devera_ser_exibida_uma_mensagem_de_erro_com_o_texto_preencha_os_campos()&amp#27;[0m
]]></system-out>
  </testcase>
  <testcase name="Exibir mensagem de erro ao preencher com e-mail inválido #1" classname="Validação dos Campos de Login no BugBank" time="1.413">
    <system-out><![CDATA[
@login
Esquema do CenÃ¡rio: Exibir mensagem de erro ao preencher com e-mail invÃ¡lido    &amp#27;[90m# com/bugbank/features/logincucumber.feature:24&amp#27;[0m
  &amp#27;[32mDado &amp#27;[0m&amp#27;[32mque o usuario esta na tela inicial do BugBank&amp#27;[0m                            &amp#27;[90m# com.bugbank.steps.LoginSteps.que_o_usuario_esta_na_tela_inicial_do_bug_bank()&amp#27;[0m
  &amp#27;[32mQuando &amp#27;[0m&amp#27;[32mo usuario preencher o campo de email com um email invalido &amp#27;[0m&amp#27;[32m&amp#27;[1m'email.com'&amp#27;[0m &amp#27;[90m# com.bugbank.steps.LoginSteps.oUsuarioPreencherOCampoDeEmailComUmEmailInvalido(java.lang.String)&amp#27;[0m
  &amp#27;[32mEntÃ£o &amp#27;[0m&amp#27;[32mdevera ser exibida uma mensagem de erro com o texto email invalido&amp#27;[0m      &amp#27;[90m# com.bugbank.steps.LoginSteps.devera_ser_exibida_uma_mensagem_de_erro_com_o_texto_email_invalido()&amp#27;[0m
]]></system-out>
  </testcase>
  <testcase name="Exibir mensagem de erro ao preencher com e-mail inválido #2" classname="Validação dos Campos de Login no BugBank" time="1.413">
    <system-out><![CDATA[
@login
Esquema do CenÃ¡rio: Exibir mensagem de erro ao preencher com e-mail invÃ¡lido      &amp#27;[90m# com/bugbank/features/logincucumber.feature:25&amp#27;[0m
  &amp#27;[32mDado &amp#27;[0m&amp#27;[32mque o usuario esta na tela inicial do BugBank&amp#27;[0m                              &amp#27;[90m# com.bugbank.steps.LoginSteps.que_o_usuario_esta_na_tela_inicial_do_bug_bank()&amp#27;[0m
  &amp#27;[32mQuando &amp#27;[0m&amp#27;[32mo usuario preencher o campo de email com um email invalido &amp#27;[0m&amp#27;[32m&amp#27;[1m'email@email'&amp#27;[0m &amp#27;[90m# com.bugbank.steps.LoginSteps.oUsuarioPreencherOCampoDeEmailComUmEmailInvalido(java.lang.String)&amp#27;[0m
  &amp#27;[32mEntÃ£o &amp#27;[0m&amp#27;[32mdevera ser exibida uma mensagem de erro com o texto email invalido&amp#27;[0m        &amp#27;[90m# com.bugbank.steps.LoginSteps.devera_ser_exibida_uma_mensagem_de_erro_com_o_texto_email_invalido()&amp#27;[0m
]]></system-out>
  </testcase>
  <testcase name="Exibir mensagem de erro ao preencher com e-mail inválido #3" classname="Validação dos Campos de Login no BugBank" time="1.396">
    <system-out><![CDATA[
@login
Esquema do CenÃ¡rio: Exibir mensagem de erro ao preencher com e-mail invÃ¡lido     &amp#27;[90m# com/bugbank/features/logincucumber.feature:26&amp#27;[0m
  &amp#27;[32mDado &amp#27;[0m&amp#27;[32mque o usuario esta na tela inicial do BugBank&amp#27;[0m                             &amp#27;[90m# com.bugbank.steps.LoginSteps.que_o_usuario_esta_na_tela_inicial_do_bug_bank()&amp#27;[0m
  &amp#27;[32mQuando &amp#27;[0m&amp#27;[32mo usuario preencher o campo de email com um email invalido &amp#27;[0m&amp#27;[32m&amp#27;[1m'@email.com'&amp#27;[0m &amp#27;[90m# com.bugbank.steps.LoginSteps.oUsuarioPreencherOCampoDeEmailComUmEmailInvalido(java.lang.String)&amp#27;[0m
  &amp#27;[32mEntÃ£o &amp#27;[0m&amp#27;[32mdevera ser exibida uma mensagem de erro com o texto email invalido&amp#27;[0m       &amp#27;[90m# com.bugbank.steps.LoginSteps.devera_ser_exibida_uma_mensagem_de_erro_com_o_texto_email_invalido()&amp#27;[0m
]]></system-out>
  </testcase>
  <testcase name="Não exibir mensagem de erro ao preencher o campo de e-mail com um e-mail válido" classname="Validação dos Campos de Login no BugBank" time="1.374">
    <system-out><![CDATA[
@login
CenÃ¡rio: NÃ£o exibir mensagem de erro ao preencher o campo de e-mail com um e-mail vÃ¡lido &amp#27;[90m# com/bugbank/features/logincucumber.feature:28&amp#27;[0m
  &amp#27;[32mDado &amp#27;[0m&amp#27;[32mque o usuario esta na tela inicial do BugBank&amp#27;[0m                                     &amp#27;[90m# com.bugbank.steps.LoginSteps.que_o_usuario_esta_na_tela_inicial_do_bug_bank()&amp#27;[0m
  &amp#27;[32mE &amp#27;[0m&amp#27;[32mo usuario tenha preenchido com um email valido &amp#27;[0m&amp#27;[32m&amp#27;[1m'email@email.com'&amp#27;[0m                     &amp#27;[90m# com.bugbank.steps.LoginSteps.o_usuario_tenha_preenchido_com_um_email_valido(java.lang.String)&amp#27;[0m
  &amp#27;[32mQuando &amp#27;[0m&amp#27;[32mo usuario ao clicar no botao de acessar&amp#27;[0m                                         &amp#27;[90m# com.bugbank.steps.LoginSteps.o_usuario_ao_clicar_no_botao_de_acessar()&amp#27;[0m
  &amp#27;[32mEntÃ£o &amp#27;[0m&amp#27;[32mnao deve ser retornado para o usuario nenhuma mensagem de erro no campo email&amp#27;[0m    &amp#27;[90m# com.bugbank.steps.LoginSteps.nao_deve_ser_retornado_para_o_usuario_nenhuma_mensagem_de_erro_no_campo_email()&amp#27;[0m
]]></system-out>
  </testcase>
  <testcase name="Exibir mensagem de erro, quando não preencher o campo de senha" classname="Validação dos Campos de Login no BugBank" time="1.516">
    <system-out><![CDATA[
@login
CenÃ¡rio: Exibir mensagem de erro, quando nÃ£o preencher o campo de senha                            &amp#27;[90m# com/bugbank/features/logincucumber.feature:34&amp#27;[0m
  &amp#27;[32mDado &amp#27;[0m&amp#27;[32mque o usuario esta na tela inicial do BugBank&amp#27;[0m                                               &amp#27;[90m# com.bugbank.steps.LoginSteps.que_o_usuario_esta_na_tela_inicial_do_bug_bank()&amp#27;[0m
  &amp#27;[32mE &amp#27;[0m&amp#27;[32mo usuario tenha preenchido com um email valido &amp#27;[0m&amp#27;[32m&amp#27;[1m'email@email.com'&amp#27;[0m                               &amp#27;[90m# com.bugbank.steps.LoginSteps.o_usuario_tenha_preenchido_com_um_email_valido(java.lang.String)&amp#27;[0m
  &amp#27;[32mE &amp#27;[0m&amp#27;[32mnao tenha preenchido nenhuma senha&amp#27;[0m                                                             &amp#27;[90m# com.bugbank.steps.LoginSteps.nao_tenha_preenchido_nenhuma_senha()&amp#27;[0m
  &amp#27;[32mQuando &amp#27;[0m&amp#27;[32mo usuario ao clicar no botao de acessar&amp#27;[0m                                                   &amp#27;[90m# com.bugbank.steps.LoginSteps.o_usuario_ao_clicar_no_botao_de_acessar()&amp#27;[0m
  &amp#27;[32mEntao &amp#27;[0m&amp#27;[32mdevera ser apresentado ao usuario uma mensagem de erro com o texto campo senha obrigatorio&amp#27;[0m &amp#27;[90m# com.bugbank.steps.LoginSteps.devera_ser_apresentado_ao_usuario_uma_mensagem_de_erro_com_o_texto_campo_senha_obrigatorio()&amp#27;[0m
  &amp#27;[32mE &amp#27;[0m&amp#27;[32mo usuario deve permanecer na tela de login&amp#27;[0m                                                     &amp#27;[90m# com.bugbank.steps.LoginSteps.o_usuario_deve_permanecer_na_tela_de_login()&amp#27;[0m
]]></system-out>
  </testcase>
  <testcase name="Exibir o texto digitado ao clicar no ícone no campo de senha." classname="Validação dos Campos de Login no BugBank" time="1.496">
    <system-out><![CDATA[
@login
CenÃ¡rio: Exibir o texto digitado ao clicar no Ã­cone no campo de senha. &amp#27;[90m# com/bugbank/features/logincucumber.feature:42&amp#27;[0m
  &amp#27;[32mDado &amp#27;[0m&amp#27;[32mque o usuario esta na tela inicial do BugBank&amp#27;[0m                   &amp#27;[90m# com.bugbank.steps.LoginSteps.que_o_usuario_esta_na_tela_inicial_do_bug_bank()&amp#27;[0m
  &amp#27;[32mE &amp#27;[0m&amp#27;[32mo usuario tenha preenchido com um email valido &amp#27;[0m&amp#27;[32m&amp#27;[1m'email@email.com'&amp#27;[0m   &amp#27;[90m# com.bugbank.steps.LoginSteps.o_usuario_tenha_preenchido_com_um_email_valido(java.lang.String)&amp#27;[0m
  &amp#27;[32mE &amp#27;[0m&amp#27;[32mtenha preechido com uma senha&amp#27;[0m                                      &amp#27;[90m# com.bugbank.steps.LoginSteps.tenha_preechido_com_uma_senha()&amp#27;[0m
  &amp#27;[32mQuando &amp#27;[0m&amp#27;[32mo usuario clicar no Ã­cone de olho no campo de senha&amp#27;[0m           &amp#27;[90m# com.bugbank.steps.LoginSteps.o_usuario_clicar_no_Ã­cone_de_olho_no_campo_de_senha()&amp#27;[0m
  &amp#27;[32mEntao &amp#27;[0m&amp#27;[32mdevera ser exibido para o usuario a senha digitada&amp#27;[0m             &amp#27;[90m# com.bugbank.steps.LoginSteps.devera_ser_exibido_para_o_usuario_a_senha_digitada()&amp#27;[0m
  &amp#27;[32mE &amp#27;[0m&amp#27;[32mdevera ser alterado o Ã­cone de olho no campo de senha&amp#27;[0m              &amp#27;[90m# com.bugbank.steps.LoginSteps.devera_ser_alterado_o_Ã­cone_de_olho_no_campo_de_senha()&amp#27;[0m
]]></system-out>
  </testcase>
  <testcase name="Redirecionar o usuário ao logar no sistema" classname="Validação dos Campos de Login no BugBank" time="1.508">
    <system-out><![CDATA[
@login
CenÃ¡rio: Redirecionar o usuÃ¡rio ao logar no sistema                          &amp#27;[90m# com/bugbank/features/logincucumber.feature:50&amp#27;[0m
  &amp#27;[32mDado &amp#27;[0m&amp#27;[32mque o usuario esta na tela inicial do BugBank&amp#27;[0m                         &amp#27;[90m# com.bugbank.steps.LoginSteps.que_o_usuario_esta_na_tela_inicial_do_bug_bank()&amp#27;[0m
Valor armazenado no localStorage: {"name":"Paula","email":"teste@email.com","password":"123","accountNumber":"613-4","balance":1000,"logged":false}
  &amp#27;[32mE &amp#27;[0m&amp#27;[32mque o usuario tenha preenchido com um &amp#27;[0m&amp#27;[32m&amp#27;[1m'teste@email.com'&amp#27;[0m&amp#27;[32m e a &amp#27;[0m&amp#27;[32m&amp#27;[1m'123'&amp#27;[0m&amp#27;[32m valido&amp#27;[0m &amp#27;[90m# com.bugbank.steps.LoginSteps.que_o_usuario_tenha_preenchido_com_uma_email_e_a_senha_valido(java.lang.String,java.lang.String)&amp#27;[0m
  &amp#27;[32mQuando &amp#27;[0m&amp#27;[32mo usuario ao clicar no botao de acessar&amp#27;[0m                             &amp#27;[90m# com.bugbank.steps.LoginSteps.o_usuario_ao_clicar_no_botao_de_acessar()&amp#27;[0m
  &amp#27;[32mEntao &amp#27;[0m&amp#27;[32mo usuario devera ser redirecionado para a tela inicial BugBank&amp#27;[0m       &amp#27;[90m# com.bugbank.steps.LoginSteps.o_usuario_devera_ser_redirecionado_para_a_tela_inicial_bug_bank()&amp#27;[0m
  &amp#27;[32mE &amp#27;[0m&amp#27;[32mdeve ser apresentado as informacoes relacionadas ao usuario&amp#27;[0m              &amp#27;[90m# com.bugbank.steps.LoginSteps.deve_ser_apresentado_as_informacoes_relacionadas_ao_usuario()&amp#27;[0m
]]></system-out>
  </testcase>
  <testcase name="Acessar a página inicial sem estar logado." classname="Validação dos Campos de Login no BugBank" time="1.332">
    <system-out><![CDATA[
@login
CenÃ¡rio: Acessar a pÃ¡gina inicial sem estar logado.                                          &amp#27;[90m# com/bugbank/features/logincucumber.feature:57&amp#27;[0m
  &amp#27;[32mDado &amp#27;[0m&amp#27;[32mque o usuario esta na tela inicial do BugBank&amp#27;[0m                                         &amp#27;[90m# com.bugbank.steps.LoginSteps.que_o_usuario_esta_na_tela_inicial_do_bug_bank()&amp#27;[0m
  &amp#27;[32mE &amp#27;[0m&amp#27;[32mo usuario nao esta logado no BugBank&amp#27;[0m                                                     &amp#27;[90m# com.bugbank.steps.LoginSteps.o_usuario_nao_esta_logado_no_bug_bank()&amp#27;[0m
  &amp#27;[32mQuando &amp#27;[0m&amp#27;[32mo usuario tentar acessar a pagina atraves da url &amp#27;[0m&amp#27;[32m&amp#27;[1m'https://bugbank.netlify.app/home'&amp#27;[0m &amp#27;[90m# com.bugbank.steps.LoginSteps.o_usuario_tentar_acessar_a_pagina_atraves_da_url(java.lang.String)&amp#27;[0m
  &amp#27;[32mEntao &amp#27;[0m&amp#27;[32mo usuario deve permanecer na tela inicial pois nao esta logada&amp#27;[0m                       &amp#27;[90m# com.bugbank.steps.LoginSteps.o_usuario_deve_permanecer_na_tela_inicial_pois_nao_esta_logada()&amp#27;[0m
]]></system-out>
  </testcase>
  <testcase name="Exibir um texto de erro, ao tentar logar com credenciais incorretas" classname="Validação dos Campos de Login no BugBank" time="1.974">
    <system-out><![CDATA[
@login
CenÃ¡rio: Exibir um texto de erro, ao tentar logar com credenciais incorretas   &amp#27;[90m# com/bugbank/features/logincucumber.feature:63&amp#27;[0m
  &amp#27;[32mDado &amp#27;[0m&amp#27;[32mque o usuario esta na tela inicial do BugBank&amp#27;[0m                           &amp#27;[90m# com.bugbank.steps.LoginSteps.que_o_usuario_esta_na_tela_inicial_do_bug_bank()&amp#27;[0m
  &amp#27;[32mE &amp#27;[0m&amp#27;[32mo usuario digitou um email nao cadastrado&amp#27;[0m                                  &amp#27;[90m# com.bugbank.steps.LoginSteps.o_usuario_digitou_um_email_nao_cadastrado()&amp#27;[0m
  &amp#27;[32mE &amp#27;[0m&amp#27;[32mtenha preechido com uma senha&amp#27;[0m                                              &amp#27;[90m# com.bugbank.steps.LoginSteps.tenha_preechido_com_uma_senha()&amp#27;[0m
  &amp#27;[32mQuando &amp#27;[0m&amp#27;[32mo usuario ao clicar no botao de acessar&amp#27;[0m                               &amp#27;[90m# com.bugbank.steps.LoginSteps.o_usuario_ao_clicar_no_botao_de_acessar()&amp#27;[0m
  &amp#27;[32mEntao &amp#27;[0m&amp#27;[32mdevera ser exibida ao usuario uma mensagem de email ou senha invalidos&amp#27;[0m &amp#27;[90m# com.bugbank.steps.LoginSteps.devera_ser_exibida_ao_usuario_uma_mensagem_de_email_ou_senha_invalidos()&amp#27;[0m
]]></system-out>
  </testcase>
</testsuite>