<?xml version="1.0" encoding="UTF-8"?>
<testsuite xmlns:xsi="http://www.w3.org/2001/XMLSchema-instance" xsi:noNamespaceSchemaLocation="https://maven.apache.org/surefire/maven-surefire-plugin/xsd/surefire-test-report-3.0.xsd" version="3.0" name="com.bugbank.runners.TestsExtratoCucumber" time="8.96" tests="3" errors="0" skipped="0" failures="0">
  <properties>
    <property name="java.specification.version" value="17"/>
    <property name="sun.cpu.isalist" value="amd64"/>
    <property name="sun.jnu.encoding" value="Cp1252"/>
    <property name="java.class.path" value="C:\Users\LAB\Desktop\Dia a Dia\Projetos\DesafioBugBank\Automacao\target\test-classes;C:\Users\LAB\Desktop\Dia a Dia\Projetos\DesafioBugBank\Automacao\target\classes;C:\Users\LAB\.m2\repository\io\cucumber\cucumber-java\7.18.0\cucumber-java-7.18.0.jar;C:\Users\LAB\.m2\repository\io\cucumber\cucumber-core\7.18.0\cucumber-core-7.18.0.jar;C:\Users\LAB\.m2\repository\io\cucumber\cucumber-gherkin\7.18.0\cucumber-gherkin-7.18.0.jar;C:\Users\LAB\.m2\repository\io\cucumber\cucumber-gherkin-messages\7.18.0\cucumber-gherkin-messages-7.18.0.jar;C:\Users\LAB\.m2\repository\io\cucumber\gherkin\28.0.0\gherkin-28.0.0.jar;C:\Users\LAB\.m2\repository\io\cucumber\messages\24.1.0\messages-24.1.0.jar;C:\Users\LAB\.m2\repository\io\cucumber\testng-xml-formatter\0.1.0\testng-xml-formatter-0.1.0.jar;C:\Users\LAB\.m2\repository\io\cucumber\query\12.2.0\query-12.2.0.jar;C:\Users\LAB\.m2\repository\io\cucumber\tag-expressions\6.1.0\tag-expressions-6.1.0.jar;C:\Users\LAB\.m2\repository\io\cucumber\cucumber-expressions\17.1.0\cucumber-expressions-17.1.0.jar;C:\Users\LAB\.m2\repository\io\cucumber\datatable\7.18.0\datatable-7.18.0.jar;C:\Users\LAB\.m2\repository\io\cucumber\cucumber-plugin\7.18.0\cucumber-plugin-7.18.0.jar;C:\Users\LAB\.m2\repository\io\cucumber\docstring\7.18.0\docstring-7.18.0.jar;C:\Users\LAB\.m2\repository\io\cucumber\html-formatter\21.3.1\html-formatter-21.3.1.jar;C:\Users\LAB\.m2\repository\io\cucumber\junit-xml-formatter\0.4.0\junit-xml-formatter-0.4.0.jar;C:\Users\LAB\.m2\repository\io\cucumber\ci-environment\10.0.1\ci-environment-10.0.1.jar;C:\Users\LAB\.m2\repository\org\apiguardian\apiguardian-api\1.1.2\apiguardian-api-1.1.2.jar;C:\Users\LAB\.m2\repository\io\cucumber\cucumber-junit\7.18.0\cucumber-junit-7.18.0.jar;C:\Users\LAB\.m2\repository\junit\junit\4.12\junit-4.12.jar;C:\Users\LAB\.m2\repository\org\hamcrest\hamcrest-core\1.3\hamcrest-core-1.3.jar;C:\Users\LAB\.m2\repository\org\seleniumhq\selenium\selenium-java\4.23.0\selenium-java-4.23.0.jar;C:\Users\LAB\.m2\repository\org\seleniumhq\selenium\selenium-api\4.23.0\selenium-api-4.23.0.jar;C:\Users\LAB\.m2\repository\org\seleniumhq\selenium\selenium-chrome-driver\4.23.0\selenium-chrome-driver-4.23.0.jar;C:\Users\LAB\.m2\repository\com\google\auto\service\auto-service-annotations\1.1.1\auto-service-annotations-1.1.1.jar;C:\Users\LAB\.m2\repository\org\seleniumhq\selenium\selenium-chromium-driver\4.23.0\selenium-chromium-driver-4.23.0.jar;C:\Users\LAB\.m2\repository\org\seleniumhq\selenium\selenium-json\4.23.0\selenium-json-4.23.0.jar;C:\Users\LAB\.m2\repository\org\seleniumhq\selenium\selenium-manager\4.23.0\selenium-manager-4.23.0.jar;C:\Users\LAB\.m2\repository\org\seleniumhq\selenium\selenium-devtools-v125\4.23.0\selenium-devtools-v125-4.23.0.jar;C:\Users\LAB\.m2\repository\org\seleniumhq\selenium\selenium-devtools-v126\4.23.0\selenium-devtools-v126-4.23.0.jar;C:\Users\LAB\.m2\repository\org\seleniumhq\selenium\selenium-devtools-v127\4.23.0\selenium-devtools-v127-4.23.0.jar;C:\Users\LAB\.m2\repository\org\seleniumhq\selenium\selenium-devtools-v85\4.23.0\selenium-devtools-v85-4.23.0.jar;C:\Users\LAB\.m2\repository\org\seleniumhq\selenium\selenium-edge-driver\4.23.0\selenium-edge-driver-4.23.0.jar;C:\Users\LAB\.m2\repository\org\seleniumhq\selenium\selenium-firefox-driver\4.23.0\selenium-firefox-driver-4.23.0.jar;C:\Users\LAB\.m2\repository\org\seleniumhq\selenium\selenium-http\4.23.0\selenium-http-4.23.0.jar;C:\Users\LAB\.m2\repository\dev\failsafe\failsafe\3.3.2\failsafe-3.3.2.jar;C:\Users\LAB\.m2\repository\org\seleniumhq\selenium\selenium-ie-driver\4.23.0\selenium-ie-driver-4.23.0.jar;C:\Users\LAB\.m2\repository\org\seleniumhq\selenium\selenium-remote-driver\4.23.0\selenium-remote-driver-4.23.0.jar;C:\Users\LAB\.m2\repository\com\google\guava\guava\33.2.1-jre\guava-33.2.1-jre.jar;C:\Users\LAB\.m2\repository\com\google\guava\failureaccess\1.0.2\failureaccess-1.0.2.jar;C:\Users\LAB\.m2\repository\com\google\guava\listenablefuture\9999.0-empty-to-avoid-conflict-with-guava\listenablefuture-9999.0-empty-to-avoid-conflict-with-guava.jar;C:\Users\LAB\.m2\repository\com\google\code\findbugs\jsr305\3.0.2\jsr305-3.0.2.jar;C:\Users\LAB\.m2\repository\org\checkerframework\checker-qual\3.42.0\checker-qual-3.42.0.jar;C:\Users\LAB\.m2\repository\com\google\errorprone\error_prone_annotations\2.26.1\error_prone_annotations-2.26.1.jar;C:\Users\LAB\.m2\repository\com\google\j2objc\j2objc-annotations\3.0.0\j2objc-annotations-3.0.0.jar;C:\Users\LAB\.m2\repository\io\opentelemetry\semconv\opentelemetry-semconv\1.25.0-alpha\opentelemetry-semconv-1.25.0-alpha.jar;C:\Users\LAB\.m2\repository\io\opentelemetry\opentelemetry-api\1.40.0\opentelemetry-api-1.40.0.jar;C:\Users\LAB\.m2\repository\io\opentelemetry\opentelemetry-context\1.40.0\opentelemetry-context-1.40.0.jar;C:\Users\LAB\.m2\repository\io\opentelemetry\opentelemetry-exporter-logging\1.40.0\opentelemetry-exporter-logging-1.40.0.jar;C:\Users\LAB\.m2\repository\io\opentelemetry\opentelemetry-sdk-common\1.40.0\opentelemetry-sdk-common-1.40.0.jar;C:\Users\LAB\.m2\repository\io\opentelemetry\opentelemetry-sdk-extension-autoconfigure-spi\1.40.0\opentelemetry-sdk-extension-autoconfigure-spi-1.40.0.jar;C:\Users\LAB\.m2\repository\io\opentelemetry\opentelemetry-sdk-extension-autoconfigure\1.40.0\opentelemetry-sdk-extension-autoconfigure-1.40.0.jar;C:\Users\LAB\.m2\repository\io\opentelemetry\opentelemetry-api-incubator\1.40.0-alpha\opentelemetry-api-incubator-1.40.0-alpha.jar;C:\Users\LAB\.m2\repository\io\opentelemetry\opentelemetry-sdk-trace\1.40.0\opentelemetry-sdk-trace-1.40.0.jar;C:\Users\LAB\.m2\repository\io\opentelemetry\opentelemetry-sdk\1.40.0\opentelemetry-sdk-1.40.0.jar;C:\Users\LAB\.m2\repository\io\opentelemetry\opentelemetry-sdk-metrics\1.40.0\opentelemetry-sdk-metrics-1.40.0.jar;C:\Users\LAB\.m2\repository\io\opentelemetry\opentelemetry-sdk-logs\1.40.0\opentelemetry-sdk-logs-1.40.0.jar;C:\Users\LAB\.m2\repository\net\bytebuddy\byte-buddy\1.14.18\byte-buddy-1.14.18.jar;C:\Users\LAB\.m2\repository\org\seleniumhq\selenium\selenium-os\4.23.0\selenium-os-4.23.0.jar;C:\Users\LAB\.m2\repository\org\apache\commons\commons-exec\1.4.0\commons-exec-1.4.0.jar;C:\Users\LAB\.m2\repository\org\seleniumhq\selenium\selenium-safari-driver\4.23.0\selenium-safari-driver-4.23.0.jar;C:\Users\LAB\.m2\repository\org\seleniumhq\selenium\selenium-support\4.23.0\selenium-support-4.23.0.jar;"/>
    <property name="java.vm.vendor" value="Oracle Corporation"/>
    <property name="sun.arch.data.model" value="64"/>
    <property name="user.variant" value=""/>
    <property name="java.vendor.url" value="https://java.oracle.com/"/>
    <property name="user.timezone" value="America/Sao_Paulo"/>
    <property name="os.name" value="Windows 11"/>
    <property name="java.vm.specification.version" value="17"/>
    <property name="sun.java.launcher" value="SUN_STANDARD"/>
    <property name="user.country" value="BR"/>
    <property name="sun.boot.library.path" value="C:\Program Files\Java\jdk-17\bin"/>
    <property name="sun.java.command" value="C:\Users\LAB\AppData\Local\Temp\surefire15936443247308953592\surefirebooter-20240830100512066_3.jar C:\Users\LAB\AppData\Local\Temp\surefire15936443247308953592 2024-08-30T10-05-11_916-jvmRun1 surefire-20240830100512066_1tmp surefire_0-20240830100512066_2tmp"/>
    <property name="jdk.debug" value="release"/>
    <property name="surefire.test.class.path" value="C:\Users\LAB\Desktop\Dia a Dia\Projetos\DesafioBugBank\Automacao\target\test-classes;C:\Users\LAB\Desktop\Dia a Dia\Projetos\DesafioBugBank\Automacao\target\classes;C:\Users\LAB\.m2\repository\io\cucumber\cucumber-java\7.18.0\cucumber-java-7.18.0.jar;C:\Users\LAB\.m2\repository\io\cucumber\cucumber-core\7.18.0\cucumber-core-7.18.0.jar;C:\Users\LAB\.m2\repository\io\cucumber\cucumber-gherkin\7.18.0\cucumber-gherkin-7.18.0.jar;C:\Users\LAB\.m2\repository\io\cucumber\cucumber-gherkin-messages\7.18.0\cucumber-gherkin-messages-7.18.0.jar;C:\Users\LAB\.m2\repository\io\cucumber\gherkin\28.0.0\gherkin-28.0.0.jar;C:\Users\LAB\.m2\repository\io\cucumber\messages\24.1.0\messages-24.1.0.jar;C:\Users\LAB\.m2\repository\io\cucumber\testng-xml-formatter\0.1.0\testng-xml-formatter-0.1.0.jar;C:\Users\LAB\.m2\repository\io\cucumber\query\12.2.0\query-12.2.0.jar;C:\Users\LAB\.m2\repository\io\cucumber\tag-expressions\6.1.0\tag-expressions-6.1.0.jar;C:\Users\LAB\.m2\repository\io\cucumber\cucumber-expressions\17.1.0\cucumber-expressions-17.1.0.jar;C:\Users\LAB\.m2\repository\io\cucumber\datatable\7.18.0\datatable-7.18.0.jar;C:\Users\LAB\.m2\repository\io\cucumber\cucumber-plugin\7.18.0\cucumber-plugin-7.18.0.jar;C:\Users\LAB\.m2\repository\io\cucumber\docstring\7.18.0\docstring-7.18.0.jar;C:\Users\LAB\.m2\repository\io\cucumber\html-formatter\21.3.1\html-formatter-21.3.1.jar;C:\Users\LAB\.m2\repository\io\cucumber\junit-xml-formatter\0.4.0\junit-xml-formatter-0.4.0.jar;C:\Users\LAB\.m2\repository\io\cucumber\ci-environment\10.0.1\ci-environment-10.0.1.jar;C:\Users\LAB\.m2\repository\org\apiguardian\apiguardian-api\1.1.2\apiguardian-api-1.1.2.jar;C:\Users\LAB\.m2\repository\io\cucumber\cucumber-junit\7.18.0\cucumber-junit-7.18.0.jar;C:\Users\LAB\.m2\repository\junit\junit\4.12\junit-4.12.jar;C:\Users\LAB\.m2\repository\org\hamcrest\hamcrest-core\1.3\hamcrest-core-1.3.jar;C:\Users\LAB\.m2\repository\org\seleniumhq\selenium\selenium-java\4.23.0\selenium-java-4.23.0.jar;C:\Users\LAB\.m2\repository\org\seleniumhq\selenium\selenium-api\4.23.0\selenium-api-4.23.0.jar;C:\Users\LAB\.m2\repository\org\seleniumhq\selenium\selenium-chrome-driver\4.23.0\selenium-chrome-driver-4.23.0.jar;C:\Users\LAB\.m2\repository\com\google\auto\service\auto-service-annotations\1.1.1\auto-service-annotations-1.1.1.jar;C:\Users\LAB\.m2\repository\org\seleniumhq\selenium\selenium-chromium-driver\4.23.0\selenium-chromium-driver-4.23.0.jar;C:\Users\LAB\.m2\repository\org\seleniumhq\selenium\selenium-json\4.23.0\selenium-json-4.23.0.jar;C:\Users\LAB\.m2\repository\org\seleniumhq\selenium\selenium-manager\4.23.0\selenium-manager-4.23.0.jar;C:\Users\LAB\.m2\repository\org\seleniumhq\selenium\selenium-devtools-v125\4.23.0\selenium-devtools-v125-4.23.0.jar;C:\Users\LAB\.m2\repository\org\seleniumhq\selenium\selenium-devtools-v126\4.23.0\selenium-devtools-v126-4.23.0.jar;C:\Users\LAB\.m2\repository\org\seleniumhq\selenium\selenium-devtools-v127\4.23.0\selenium-devtools-v127-4.23.0.jar;C:\Users\LAB\.m2\repository\org\seleniumhq\selenium\selenium-devtools-v85\4.23.0\selenium-devtools-v85-4.23.0.jar;C:\Users\LAB\.m2\repository\org\seleniumhq\selenium\selenium-edge-driver\4.23.0\selenium-edge-driver-4.23.0.jar;C:\Users\LAB\.m2\repository\org\seleniumhq\selenium\selenium-firefox-driver\4.23.0\selenium-firefox-driver-4.23.0.jar;C:\Users\LAB\.m2\repository\org\seleniumhq\selenium\selenium-http\4.23.0\selenium-http-4.23.0.jar;C:\Users\LAB\.m2\repository\dev\failsafe\failsafe\3.3.2\failsafe-3.3.2.jar;C:\Users\LAB\.m2\repository\org\seleniumhq\selenium\selenium-ie-driver\4.23.0\selenium-ie-driver-4.23.0.jar;C:\Users\LAB\.m2\repository\org\seleniumhq\selenium\selenium-remote-driver\4.23.0\selenium-remote-driver-4.23.0.jar;C:\Users\LAB\.m2\repository\com\google\guava\guava\33.2.1-jre\guava-33.2.1-jre.jar;C:\Users\LAB\.m2\repository\com\google\guava\failureaccess\1.0.2\failureaccess-1.0.2.jar;C:\Users\LAB\.m2\repository\com\google\guava\listenablefuture\9999.0-empty-to-avoid-conflict-with-guava\listenablefuture-9999.0-empty-to-avoid-conflict-with-guava.jar;C:\Users\LAB\.m2\repository\com\google\code\findbugs\jsr305\3.0.2\jsr305-3.0.2.jar;C:\Users\LAB\.m2\repository\org\checkerframework\checker-qual\3.42.0\checker-qual-3.42.0.jar;C:\Users\LAB\.m2\repository\com\google\errorprone\error_prone_annotations\2.26.1\error_prone_annotations-2.26.1.jar;C:\Users\LAB\.m2\repository\com\google\j2objc\j2objc-annotations\3.0.0\j2objc-annotations-3.0.0.jar;C:\Users\LAB\.m2\repository\io\opentelemetry\semconv\opentelemetry-semconv\1.25.0-alpha\opentelemetry-semconv-1.25.0-alpha.jar;C:\Users\LAB\.m2\repository\io\opentelemetry\opentelemetry-api\1.40.0\opentelemetry-api-1.40.0.jar;C:\Users\LAB\.m2\repository\io\opentelemetry\opentelemetry-context\1.40.0\opentelemetry-context-1.40.0.jar;C:\Users\LAB\.m2\repository\io\opentelemetry\opentelemetry-exporter-logging\1.40.0\opentelemetry-exporter-logging-1.40.0.jar;C:\Users\LAB\.m2\repository\io\opentelemetry\opentelemetry-sdk-common\1.40.0\opentelemetry-sdk-common-1.40.0.jar;C:\Users\LAB\.m2\repository\io\opentelemetry\opentelemetry-sdk-extension-autoconfigure-spi\1.40.0\opentelemetry-sdk-extension-autoconfigure-spi-1.40.0.jar;C:\Users\LAB\.m2\repository\io\opentelemetry\opentelemetry-sdk-extension-autoconfigure\1.40.0\opentelemetry-sdk-extension-autoconfigure-1.40.0.jar;C:\Users\LAB\.m2\repository\io\opentelemetry\opentelemetry-api-incubator\1.40.0-alpha\opentelemetry-api-incubator-1.40.0-alpha.jar;C:\Users\LAB\.m2\repository\io\opentelemetry\opentelemetry-sdk-trace\1.40.0\opentelemetry-sdk-trace-1.40.0.jar;C:\Users\LAB\.m2\repository\io\opentelemetry\opentelemetry-sdk\1.40.0\opentelemetry-sdk-1.40.0.jar;C:\Users\LAB\.m2\repository\io\opentelemetry\opentelemetry-sdk-metrics\1.40.0\opentelemetry-sdk-metrics-1.40.0.jar;C:\Users\LAB\.m2\repository\io\opentelemetry\opentelemetry-sdk-logs\1.40.0\opentelemetry-sdk-logs-1.40.0.jar;C:\Users\LAB\.m2\repository\net\bytebuddy\byte-buddy\1.14.18\byte-buddy-1.14.18.jar;C:\Users\LAB\.m2\repository\org\seleniumhq\selenium\selenium-os\4.23.0\selenium-os-4.23.0.jar;C:\Users\LAB\.m2\repository\org\apache\commons\commons-exec\1.4.0\commons-exec-1.4.0.jar;C:\Users\LAB\.m2\repository\org\seleniumhq\selenium\selenium-safari-driver\4.23.0\selenium-safari-driver-4.23.0.jar;C:\Users\LAB\.m2\repository\org\seleniumhq\selenium\selenium-support\4.23.0\selenium-support-4.23.0.jar;"/>
    <property name="sun.cpu.endian" value="little"/>
    <property name="user.home" value="C:\Users\LAB"/>
    <property name="user.language" value="pt"/>
    <property name="java.specification.vendor" value="Oracle Corporation"/>
    <property name="java.version.date" value="2023-01-17"/>
    <property name="java.home" value="C:\Program Files\Java\jdk-17"/>
    <property name="file.separator" value="\"/>
    <property name="basedir" value="C:\Users\LAB\Desktop\Dia a Dia\Projetos\DesafioBugBank\Automacao"/>
    <property name="java.vm.compressedOopsMode" value="Zero based"/>
    <property name="line.separator" value="&#10;"/>
    <property name="java.vm.specification.vendor" value="Oracle Corporation"/>
    <property name="java.specification.name" value="Java Platform API Specification"/>
    <property name="surefire.real.class.path" value="C:\Users\LAB\AppData\Local\Temp\surefire15936443247308953592\surefirebooter-20240830100512066_3.jar"/>
    <property name="user.script" value=""/>
    <property name="sun.management.compiler" value="HotSpot 64-Bit Tiered Compilers"/>
    <property name="java.runtime.version" value="17.0.6+9-LTS-190"/>
    <property name="user.name" value="LAB"/>
    <property name="path.separator" value=";"/>
    <property name="os.version" value="10.0"/>
    <property name="java.runtime.name" value="Java(TM) SE Runtime Environment"/>
    <property name="file.encoding" value="Cp1252"/>
    <property name="java.vm.name" value="Java HotSpot(TM) 64-Bit Server VM"/>
    <property name="localRepository" value="C:\Users\LAB\.m2\repository"/>
    <property name="java.vendor.url.bug" value="https://bugreport.java.com/bugreport/"/>
    <property name="java.io.tmpdir" value="C:\Users\LAB\AppData\Local\Temp\"/>
    <property name="java.version" value="17.0.6"/>
    <property name="user.dir" value="C:\Users\LAB\Desktop\Dia a Dia\Projetos\DesafioBugBank\Automacao"/>
    <property name="os.arch" value="amd64"/>
    <property name="java.vm.specification.name" value="Java Virtual Machine Specification"/>
    <property name="sun.os.patch.level" value=""/>
    <property name="native.encoding" value="Cp1252"/>
    <property name="java.library.path" value="C:\Program Files\Java\jdk-17\bin;C:\WINDOWS\Sun\Java\bin;C:\WINDOWS\system32;C:\WINDOWS;C:\Program Files (x86)\NVIDIA Corporation\PhysX\Common;C:\Program Files\Eclipse Adoptium\jre-11.0.23.9-hotspot\bin;C:\Program Files\Common Files\Oracle\Java\javapath;C:\Program Files\Eclipse Adoptium\jre-21.0.1.12-hotspot\bin;C:\WINDOWS\system32;C:\WINDOWS;C:\WINDOWS\System32\Wbem;C:\WINDOWS\System32\WindowsPowerShell\v1.0\;C:\WINDOWS\System32\OpenSSH\;C:\Program Files\dotnet\;C:\Program Files\Java\jdk-17bin;C:\Gradle\gradle-8.4\bin;C:\Program Files\nodejs\;C:\Program Files\Docker\Docker\resources\bin;C:\Maven\apache-maven-3.9.8\bin;C:\Program Files (x86)\Microsoft SQL Server\160\Tools\Binn\;C:\Program Files\Microsoft SQL Server\160\Tools\Binn\;C:\Program Files\Microsoft SQL Server\Client SDK\ODBC\170\Tools\Binn\;C:\Program Files\Microsoft SQL Server\160\DTS\Binn\;C:\Program Files\Git\cmd;C:\Users\LAB\.console-ninja\.bin;C:\Users\LAB\AppData\Local\Programs\Python\Python311\Scripts\;C:\Users\LAB\AppData\Local\Programs\Python\Python311\;C:\Users\LAB\AppData\Local\Microsoft\WindowsApps;C:\Users\LAB\AppData\Local\Programs\Microsoft VS Code\bin;C:\Users\LAB\AppData\Roaming\npm;C:\Maven\apache-maven-3.9.8\bin;;."/>
    <property name="java.vm.info" value="mixed mode, sharing"/>
    <property name="java.vendor" value="Oracle Corporation"/>
    <property name="java.vm.version" value="17.0.6+9-LTS-190"/>
    <property name="sun.io.unicode.encoding" value="UnicodeLittle"/>
    <property name="java.class.version" value="61.0"/>
  </properties>
  <testcase name="Redirecionamento ao clicar no botão &quot;Extrato&quot;" classname="Validar funcionalidade extrato" time="2.164">
    <system-out><![CDATA[
@extrato
CenÃ¡rio: Redirecionamento ao clicar no botÃ£o "Extrato"            &amp#27;[90m# com/bugbank/features/extratocucumber.feature:11&amp#27;[0m
  &amp#27;[32mDado &amp#27;[0m&amp#27;[32mque usuario esta na tela inicial do Bugbank&amp#27;[0m                &amp#27;[90m# com.bugbank.steps.ExtratoSteps.que_usuario_esta_na_tela_inicial_do_Bugbank()&amp#27;[0m
Valor armazenado no localStorage: {"name":"Paula","email":"chaiene@email.com","password":"123","accountNumber":"850-4","balance":1000,"logged":false}
Valor armazenado no localStorage: {"name":"Paula","email":"terezinha@email.com","password":"123","accountNumber":"101-2","balance":1000,"logged":false}
  &amp#27;[32mE &amp#27;[0m&amp#27;[32mo usuario tenha preenchido os campos de email e senha validos&amp#27;[0m &amp#27;[90m# com.bugbank.steps.ExtratoSteps.o_usuario_tenha_preenchido_os_campos_de_email_e_senha_validos()&amp#27;[0m
  &amp#27;[32mE &amp#27;[0m&amp#27;[32mesteja na tela inicial&amp#27;[0m                                        &amp#27;[90m# com.bugbank.steps.ExtratoSteps.esteja_na_tela_inicial()&amp#27;[0m
  &amp#27;[32mQuando &amp#27;[0m&amp#27;[32mo usuario clicar no botao de Extrato&amp#27;[0m                     &amp#27;[90m# com.bugbank.steps.ExtratoSteps.o_usuario_clicar_no_botao_de_extrato()&amp#27;[0m
  &amp#27;[32mEntao &amp#27;[0m&amp#27;[32mdevera ser redirecionado para a tela de extrato&amp#27;[0m           &amp#27;[90m# com.bugbank.steps.ExtratoSteps.devera_ser_redirecionado_para_a_tela_de_extrato()&amp#27;[0m
]]></system-out>
    <system-err><![CDATA[ago. 30, 2024 10:05:14 AM org.openqa.selenium.devtools.CdpVersionFinder findNearestMatch
WARNING: Unable to find an exact match for CDP version 128, returning the closest version; found: 127; Please update to a Selenium version that supports CDP version 128
]]></system-err>
  </testcase>
  <testcase name="Exibição de transferências na tela de extrato após uma transferência realizada" classname="Validar funcionalidade extrato" time="2.457">
    <system-out><![CDATA[
@extrato
CenÃ¡rio: ExibiÃ§Ã£o de transferÃªncias na tela de extrato apÃ³s uma transferÃªncia realizada &amp#27;[90m# com/bugbank/features/extratocucumber.feature:15&amp#27;[0m
  &amp#27;[32mDado &amp#27;[0m&amp#27;[32mque usuario esta na tela inicial do Bugbank&amp#27;[0m                                      &amp#27;[90m# com.bugbank.steps.ExtratoSteps.que_usuario_esta_na_tela_inicial_do_Bugbank()&amp#27;[0m
Valor armazenado no localStorage: {"name":"Paula","email":"chaiene@email.com","password":"123","accountNumber":"850-4","balance":1000,"logged":false}
Valor armazenado no localStorage: {"name":"Paula","email":"terezinha@email.com","password":"123","accountNumber":"101-2","balance":1000,"logged":false}
  &amp#27;[32mE &amp#27;[0m&amp#27;[32mo usuario tenha preenchido os campos de email e senha validos&amp#27;[0m                       &amp#27;[90m# com.bugbank.steps.ExtratoSteps.o_usuario_tenha_preenchido_os_campos_de_email_e_senha_validos()&amp#27;[0m
  &amp#27;[32mE &amp#27;[0m&amp#27;[32mesteja na tela inicial&amp#27;[0m                                                              &amp#27;[90m# com.bugbank.steps.ExtratoSteps.esteja_na_tela_inicial()&amp#27;[0m
  &amp#27;[32mE &amp#27;[0m&amp#27;[32mo usuario ja tenha realizado uma transferencia para outra conta&amp#27;[0m                     &amp#27;[90m# com.bugbank.steps.ExtratoSteps.o_usuario_ja_tenha_realizado_uma_transferencia_para_outra_conta()&amp#27;[0m
  &amp#27;[32mQuando &amp#27;[0m&amp#27;[32mo usuario clicar no botao de Extrato&amp#27;[0m                                           &amp#27;[90m# com.bugbank.steps.ExtratoSteps.o_usuario_clicar_no_botao_de_extrato()&amp#27;[0m
  &amp#27;[32mEntao &amp#27;[0m&amp#27;[32mdeverao ser exibidas na tela todas as transferencias realizadas pelo usuario&amp#27;[0m    &amp#27;[90m# com.bugbank.steps.ExtratoSteps.deverao_ser_exibidas_na_tela_todas_as_transferencias_realizadas_pelo_usuario()&amp#27;[0m
]]></system-out>
    <system-err><![CDATA[ago. 30, 2024 10:05:15 AM org.openqa.selenium.devtools.CdpVersionFinder findNearestMatch
WARNING: Unable to find an exact match for CDP version 128, returning the closest version; found: 127; Please update to a Selenium version that supports CDP version 128
]]></system-err>
  </testcase>
  <testcase name="Exibição de transferências na tela de extrato após recebimento de uma transferência" classname="Validar funcionalidade extrato" time="1.652">
    <system-out><![CDATA[
@extrato
CenÃ¡rio: ExibiÃ§Ã£o de transferÃªncias na tela de extrato apÃ³s recebimento de uma transferÃªncia &amp#27;[90m# com/bugbank/features/extratocucumber.feature:20&amp#27;[0m
  &amp#27;[32mDado &amp#27;[0m&amp#27;[32mque usuario esta na tela inicial do Bugbank&amp#27;[0m                                           &amp#27;[90m# com.bugbank.steps.ExtratoSteps.que_usuario_esta_na_tela_inicial_do_Bugbank()&amp#27;[0m
Valor armazenado no localStorage: {"name":"Paula","email":"chaiene@email.com","password":"123","accountNumber":"850-4","balance":1000,"logged":false}
Valor armazenado no localStorage: {"name":"Paula","email":"terezinha@email.com","password":"123","accountNumber":"101-2","balance":1000,"logged":false}
  &amp#27;[32mE &amp#27;[0m&amp#27;[32mo usuario tenha preenchido os campos de email e senha validos&amp#27;[0m                            &amp#27;[90m# com.bugbank.steps.ExtratoSteps.o_usuario_tenha_preenchido_os_campos_de_email_e_senha_validos()&amp#27;[0m
  &amp#27;[32mE &amp#27;[0m&amp#27;[32mesteja na tela inicial&amp#27;[0m                                                                   &amp#27;[90m# com.bugbank.steps.ExtratoSteps.esteja_na_tela_inicial()&amp#27;[0m
  &amp#27;[32mE &amp#27;[0m&amp#27;[32mo usuario ja tenha recebido uma transferencia&amp#27;[0m                                            &amp#27;[90m# com.bugbank.steps.ExtratoSteps.o_usuario_ja_tenha_recebido_uma_transferencia()&amp#27;[0m
  &amp#27;[32mQuando &amp#27;[0m&amp#27;[32mo usuario clicar no botao de Extrato&amp#27;[0m                                                &amp#27;[90m# com.bugbank.steps.ExtratoSteps.o_usuario_clicar_no_botao_de_extrato()&amp#27;[0m
  &amp#27;[32mEntao &amp#27;[0m&amp#27;[32mdeverÃ£o ser exibidas na tela todas as transferencias recebidas pelo usuario&amp#27;[0m          &amp#27;[90m# com.bugbank.steps.ExtratoSteps.deverÃ£o_ser_exibidas_na_tela_todas_as_transferencias_recebidas_pelo_usuario()&amp#27;[0m
]]></system-out>
    <system-err><![CDATA[ago. 30, 2024 10:05:18 AM org.openqa.selenium.devtools.CdpVersionFinder findNearestMatch
WARNING: Unable to find an exact match for CDP version 128, returning the closest version; found: 127; Please update to a Selenium version that supports CDP version 128
]]></system-err>
  </testcase>
</testsuite>